app/build/outputs/logs/manifest-merger-debug-report.txt
-- Merging decision tree log ---
manifest
ADDED from src/main/AndroidManifest.xml:2:1-56:12
	package
		ADDED from src/main/AndroidManifest.xml:3:5-52
		INJECTED from src/main/AndroidManifest.xml
		INJECTED from src/main/AndroidManifest.xml
	android:versionName
		ADDED from src/main/AndroidManifest.xml:5:5-30
		INJECTED from src/main/AndroidManifest.xml
		INJECTED from src/main/AndroidManifest.xml
	android:versionCode
		ADDED from src/main/AndroidManifest.xml:4:5-28
		INJECTED from src/main/AndroidManifest.xml
		INJECTED from src/main/AndroidManifest.xml
	xmlns:android
		ADDED from src/main/AndroidManifest.xml:2:11-69
uses-sdk
ADDED from src/main/AndroidManifest.xml:7:5-9:41
MERGED from [com.android.support:support-v4:23.1.0] AndroidManifest.xml:20:5-43
	android:targetSdkVersion
		ADDED from src/main/AndroidManifest.xml:9:9-38
		INJECTED from src/main/AndroidManifest.xml
		INJECTED from src/main/AndroidManifest.xml
	android:minSdkVersion
		ADDED from src/main/AndroidManifest.xml:8:9-35
		INJECTED from src/main/AndroidManifest.xml
		INJECTED from src/main/AndroidManifest.xml
uses-permission#android.permission.INTERNET
ADDED from src/main/AndroidManifest.xml:10:2-63
	android:name
		ADDED from src/main/AndroidManifest.xml:10:19-61
uses-permission#android.permission.ACCESS_NETWORK_STATE
ADDED from src/main/AndroidManifest.xml:11:5-78
	android:name
		ADDED from src/main/AndroidManifest.xml:11:22-76
uses-permission#android.permission.RECEIVE_BOOT_COMPLETED
ADDED from src/main/AndroidManifest.xml:13:4-80
	android:name
		ADDED from src/main/AndroidManifest.xml:13:21-77
permission#com.bignerdranch.android.photogallery.PRIVATE
ADDED from src/main/AndroidManifest.xml:15:5-116
	android:protectionLevel
		ADDED from src/main/AndroidManifest.xml:15:78-113
	android:name
		ADDED from src/main/AndroidManifest.xml:15:17-77
uses-permission#com.bignerdranch.android.photogallery.PRIVATE
ADDED from src/main/AndroidManifest.xml:16:5-85
	android:name
		ADDED from src/main/AndroidManifest.xml:16:22-82
application
ADDED from src/main/AndroidManifest.xml:17:5-54:19
MERGED from [com.android.support:support-v4:23.1.0] AndroidManifest.xml:22:5-20
	android:label
		ADDED from src/main/AndroidManifest.xml:20:9-41
	android:allowBackup
		ADDED from src/main/AndroidManifest.xml:18:9-35
	android:icon
		ADDED from src/main/AndroidManifest.xml:19:9-42
	android:theme
		ADDED from src/main/AndroidManifest.xml:21:9-40
activity#com.bignerdranch.android.photogallery.PhotoGalleryActivity
ADDED from src/main/AndroidManifest.xml:22:9-36:20
	android:label
		ADDED from src/main/AndroidManifest.xml:25:13-45
	android:launchMode
		ADDED from src/main/AndroidManifest.xml:24:13-43
	android:name
		ADDED from src/main/AndroidManifest.xml:23:13-86
intent-filter#android.intent.action.MAIN+android.intent.category.LAUNCHER
ADDED from src/main/AndroidManifest.xml:26:13-30:29
action#android.intent.action.MAIN
ADDED from src/main/AndroidManifest.xml:27:17-69
	android:name
		ADDED from src/main/AndroidManifest.xml:27:25-66
category#android.intent.category.LAUNCHER
ADDED from src/main/AndroidManifest.xml:29:17-77
	android:name
		ADDED from src/main/AndroidManifest.xml:29:27-74
intent-filter#android.intent.action.SEARCH
ADDED from src/main/AndroidManifest.xml:31:13-33:29
action#android.intent.action.SEARCH
ADDED from src/main/AndroidManifest.xml:32:17-70
	android:name
		ADDED from src/main/AndroidManifest.xml:32:25-68
meta-data#android.app.searchable
ADDED from src/main/AndroidManifest.xml:34:13-35:54
	android:resource
		ADDED from src/main/AndroidManifest.xml:35:17-51
	android:name
		ADDED from src/main/AndroidManifest.xml:34:24-61
activity#com.bignerdranch.android.photogallery.SingleFragmentActivity
ADDED from src/main/AndroidManifest.xml:37:9-41:20
	android:label
		ADDED from src/main/AndroidManifest.xml:39:19-51
	android:launchMode
		ADDED from src/main/AndroidManifest.xml:38:19-48
	android:name
		ADDED from src/main/AndroidManifest.xml:37:19-94
activity#com.bignerdranch.android.photogallery.PhotoPageActivity
ADDED from src/main/AndroidManifest.xml:42:9-44:78
	android:label
		ADDED from src/main/AndroidManifest.xml:44:13-66
	android:launchMode
		ADDED from src/main/AndroidManifest.xml:43:13-43
	android:name
		ADDED from src/main/AndroidManifest.xml:42:19-52
service#com.bignerdranch.android.photogallery.PollService
ADDED from src/main/AndroidManifest.xml:45:9-48
	android:name
		ADDED from src/main/AndroidManifest.xml:45:18-45
receiver#com.bignerdranch.android.photogallery.StartupReceiver
ADDED from src/main/AndroidManifest.xml:48:9-53:20
	android:name
		ADDED from src/main/AndroidManifest.xml:48:19-50
intent-filter#android.intent.action.BOOT_COMPLETED
ADDED from src/main/AndroidManifest.xml:49:9-51:25
action#android.intent.action.BOOT_COMPLETED
ADDED from src/main/AndroidManifest.xml:50:21-83
	android:name
		ADDED from src/main/AndroidManifest.xml:50:29-80